<?xml version="1.0" encoding="UTF-8"?>
<coverage generated="1541616522652" clover="3.2.0">
  <project timestamp="1541616522653" name="All files">
    <metrics statements="116" coveredstatements="102" conditionals="37" coveredconditionals="26" methods="51" coveredmethods="39" elements="204" coveredelements="167" complexity="0" loc="116" ncloc="116" packages="4" files="10" classes="10">
      <package name="actions">
        <metrics statements="39" coveredstatements="34" conditionals="0" coveredconditionals="0" methods="25" coveredmethods="20"/>
        <file name="actionTypes.js" path="/Users/andeladeveloper/git/react-express-fullstack/src/actions/actionTypes.js">
          <metrics statements="5" coveredstatements="5" conditionals="0" coveredconditionals="0" methods="0" coveredmethods="0"/>
          <line num="1" count="4" type="stmt"/>
          <line num="2" count="4" type="stmt"/>
          <line num="3" count="4" type="stmt"/>
          <line num="4" count="4" type="stmt"/>
          <line num="5" count="4" type="stmt"/>
        </file>
        <file name="groceryAction.js" path="/Users/andeladeveloper/git/react-express-fullstack/src/actions/groceryAction.js">
          <metrics statements="34" coveredstatements="29" conditionals="0" coveredconditionals="0" methods="25" coveredmethods="20"/>
          <line num="6" count="3" type="stmt"/>
          <line num="7" count="1" type="stmt"/>
          <line num="13" count="3" type="stmt"/>
          <line num="14" count="1" type="stmt"/>
          <line num="20" count="3" type="stmt"/>
          <line num="21" count="1" type="stmt"/>
          <line num="27" count="3" type="stmt"/>
          <line num="28" count="1" type="stmt"/>
          <line num="34" count="3" type="stmt"/>
          <line num="35" count="1" type="stmt"/>
          <line num="42" count="3" type="stmt"/>
          <line num="43" count="1" type="stmt"/>
          <line num="48" count="1" type="stmt"/>
          <line num="50" count="0" type="stmt"/>
          <line num="53" count="3" type="stmt"/>
          <line num="54" count="1" type="stmt"/>
          <line num="60" count="1" type="stmt"/>
          <line num="61" count="1" type="stmt"/>
          <line num="64" count="0" type="stmt"/>
          <line num="68" count="3" type="stmt"/>
          <line num="69" count="1" type="stmt"/>
          <line num="74" count="1" type="stmt"/>
          <line num="75" count="1" type="stmt"/>
          <line num="78" count="0" type="stmt"/>
          <line num="82" count="3" type="stmt"/>
          <line num="83" count="1" type="stmt"/>
          <line num="88" count="1" type="stmt"/>
          <line num="89" count="1" type="stmt"/>
          <line num="92" count="0" type="stmt"/>
          <line num="97" count="3" type="stmt"/>
          <line num="98" count="1" type="stmt"/>
          <line num="104" count="1" type="stmt"/>
          <line num="105" count="1" type="stmt"/>
          <line num="108" count="0" type="stmt"/>
        </file>
      </package>
      <package name="components">
        <metrics statements="57" coveredstatements="48" conditionals="30" coveredconditionals="19" methods="22" coveredmethods="15"/>
        <file name="App.jsx" path="/Users/andeladeveloper/git/react-express-fullstack/src/components/App.jsx">
          <metrics statements="1" coveredstatements="1" conditionals="0" coveredconditionals="0" methods="1" coveredmethods="1"/>
          <line num="8" count="1" type="stmt"/>
        </file>
        <file name="GroceryList.jsx" path="/Users/andeladeveloper/git/react-express-fullstack/src/components/GroceryList.jsx">
          <metrics statements="41" coveredstatements="36" conditionals="16" coveredconditionals="10" methods="12" coveredmethods="9"/>
          <line num="12" count="1" type="stmt"/>
          <line num="13" count="1" type="stmt"/>
          <line num="22" count="1" type="stmt"/>
          <line num="23" count="1" type="stmt"/>
          <line num="24" count="1" type="stmt"/>
          <line num="25" count="1" type="stmt"/>
          <line num="26" count="1" type="stmt"/>
          <line num="27" count="1" type="stmt"/>
          <line num="28" count="1" type="stmt"/>
          <line num="33" count="1" type="stmt"/>
          <line num="40" count="1" type="stmt"/>
          <line num="49" count="2" type="stmt"/>
          <line num="50" count="2" type="stmt"/>
          <line num="51" count="2" type="cond" truecount="4" falsecount="0"/>
          <line num="52" count="1" type="stmt"/>
          <line num="56" count="1" type="stmt"/>
          <line num="57" count="1" type="stmt"/>
          <line num="64" count="1" type="cond" truecount="1" falsecount="1"/>
          <line num="65" count="1" type="stmt"/>
          <line num="67" count="1" type="cond" truecount="1" falsecount="1"/>
          <line num="68" count="1" type="stmt"/>
          <line num="70" count="1" type="stmt"/>
          <line num="75" count="2" type="stmt"/>
          <line num="76" count="2" type="cond" truecount="2" falsecount="2"/>
          <line num="77" count="0" type="stmt"/>
          <line num="81" count="0" type="stmt"/>
          <line num="82" count="0" type="stmt"/>
          <line num="89" count="2" type="cond" truecount="1" falsecount="1"/>
          <line num="90" count="2" type="stmt"/>
          <line num="92" count="2" type="cond" truecount="1" falsecount="1"/>
          <line num="93" count="2" type="stmt"/>
          <line num="95" count="2" type="stmt"/>
          <line num="100" count="0" type="stmt"/>
          <line num="106" count="1" type="stmt"/>
          <line num="110" count="1" type="stmt"/>
          <line num="114" count="8" type="stmt"/>
          <line num="115" count="8" type="stmt"/>
          <line num="144" count="1" type="stmt"/>
          <line num="153" count="2" type="stmt"/>
          <line num="157" count="2" type="stmt"/>
          <line num="158" count="0" type="stmt"/>
        </file>
        <file name="GroceryModal.jsx" path="/Users/andeladeveloper/git/react-express-fullstack/src/components/GroceryModal.jsx">
          <metrics statements="3" coveredstatements="2" conditionals="10" coveredconditionals="7" methods="2" coveredmethods="1"/>
          <line num="4" count="3" type="stmt"/>
          <line num="5" count="1" type="stmt"/>
          <line num="60" count="0" type="stmt"/>
        </file>
        <file name="GroceryTable.jsx" path="/Users/andeladeveloper/git/react-express-fullstack/src/components/GroceryTable.jsx">
          <metrics statements="6" coveredstatements="3" conditionals="2" coveredconditionals="1" methods="5" coveredmethods="2"/>
          <line num="3" count="3" type="stmt"/>
          <line num="4" count="1" type="stmt"/>
          <line num="25" count="1" type="stmt"/>
          <line num="38" count="0" type="stmt"/>
          <line num="43" count="0" type="stmt"/>
          <line num="50" count="0" type="stmt"/>
        </file>
        <file name="TotalPrice.jsx" path="/Users/andeladeveloper/git/react-express-fullstack/src/components/TotalPrice.jsx">
          <metrics statements="6" coveredstatements="6" conditionals="2" coveredconditionals="1" methods="2" coveredmethods="2"/>
          <line num="3" count="3" type="stmt"/>
          <line num="4" count="1" type="stmt"/>
          <line num="5" count="1" type="stmt"/>
          <line num="6" count="1" type="cond" truecount="1" falsecount="1"/>
          <line num="7" count="1" type="stmt"/>
          <line num="10" count="1" type="stmt"/>
        </file>
      </package>
      <package name="reducers">
        <metrics statements="19" coveredstatements="19" conditionals="7" coveredconditionals="7" methods="4" coveredmethods="4"/>
        <file name="groceriesReducer.js" path="/Users/andeladeveloper/git/react-express-fullstack/src/reducers/groceriesReducer.js">
          <metrics statements="18" coveredstatements="18" conditionals="7" coveredconditionals="7" methods="4" coveredmethods="4"/>
          <line num="4" count="1" type="stmt"/>
          <line num="7" count="6" type="cond" truecount="6" falsecount="0"/>
          <line num="9" count="1" type="stmt"/>
          <line num="12" count="1" type="stmt"/>
          <line num="17" count="1" type="stmt"/>
          <line num="18" count="5" type="stmt"/>
          <line num="22" count="1" type="stmt"/>
          <line num="23" count="1" type="stmt"/>
          <line num="24" count="1" type="stmt"/>
          <line num="25" count="1" type="stmt"/>
          <line num="26" count="1" type="stmt"/>
          <line num="31" count="1" type="stmt"/>
          <line num="34" count="1" type="stmt"/>
          <line num="35" count="1" type="stmt"/>
          <line num="36" count="1" type="stmt"/>
          <line num="37" count="1" type="stmt"/>
          <line num="42" count="1" type="stmt"/>
          <line num="45" count="1" type="stmt"/>
        </file>
        <file name="initialState.js" path="/Users/andeladeveloper/git/react-express-fullstack/src/reducers/initialState.js">
          <metrics statements="1" coveredstatements="1" conditionals="0" coveredconditionals="0" methods="0" coveredmethods="0"/>
          <line num="1" count="1" type="stmt"/>
        </file>
      </package>
      <package name="tests">
        <metrics statements="1" coveredstatements="1" conditionals="0" coveredconditionals="0" methods="0" coveredmethods="0"/>
        <file name="setup.js" path="/Users/andeladeveloper/git/react-express-fullstack/src/tests/setup.js">
          <metrics statements="1" coveredstatements="1" conditionals="0" coveredconditionals="0" methods="0" coveredmethods="0"/>
          <line num="4" count="7" type="stmt"/>
        </file>
      </package>
    </metrics>
  </project>
</coverage>
