{"/Users/andeladeveloper/git/react-express-fullstack/src/actions/actionTypes.js": {"path":"/Users/andeladeveloper/git/react-express-fullstack/src/actions/actionTypes.js","statementMap":{"0":{"start":{"line":1,"column":37},"end":{"line":1,"column":60}},"1":{"start":{"line":2,"column":35},"end":{"line":2,"column":56}},"2":{"start":{"line":3,"column":38},"end":{"line":3,"column":62}},"3":{"start":{"line":4,"column":35},"end":{"line":4,"column":56}},"4":{"start":{"line":5,"column":36},"end":{"line":5,"column":58}}},"fnMap":{},"branchMap":{},"s":{"0":4,"1":4,"2":4,"3":4,"4":4},"f":{},"b":{},"_coverageSchema":"332fd63041d2c1bcb487cc26dd0d5f7d97098a6c","hash":"96a3dd5b2069aa3e18f32b4b180f1efbc878ea47"}
,"/Users/andeladeveloper/git/react-express-fullstack/src/actions/groceryAction.js": {"path":"/Users/andeladeveloper/git/react-express-fullstack/src/actions/groceryAction.js","statementMap":{"0":{"start":{"line":6,"column":35},"end":{"line":11,"column":1}},"1":{"start":{"line":7,"column":2},"end":{"line":10,"column":3}},"2":{"start":{"line":13,"column":33},"end":{"line":18,"column":1}},"3":{"start":{"line":14,"column":2},"end":{"line":17,"column":3}},"4":{"start":{"line":20,"column":36},"end":{"line":25,"column":1}},"5":{"start":{"line":21,"column":2},"end":{"line":24,"column":3}},"6":{"start":{"line":27,"column":33},"end":{"line":32,"column":1}},"7":{"start":{"line":28,"column":2},"end":{"line":31,"column":3}},"8":{"start":{"line":34,"column":34},"end":{"line":40,"column":1}},"9":{"start":{"line":35,"column":2},"end":{"line":39,"column":3}},"10":{"start":{"line":42,"column":29},"end":{"line":51,"column":1}},"11":{"start":{"line":42,"column":35},"end":{"line":51,"column":1}},"12":{"start":{"line":43,"column":4},"end":{"line":50,"column":46}},"13":{"start":{"line":48,"column":6},"end":{"line":48,"column":50}},"14":{"start":{"line":50,"column":24},"end":{"line":50,"column":42}},"15":{"start":{"line":53,"column":26},"end":{"line":66,"column":1}},"16":{"start":{"line":53,"column":39},"end":{"line":66,"column":1}},"17":{"start":{"line":54,"column":4},"end":{"line":65,"column":7}},"18":{"start":{"line":60,"column":6},"end":{"line":60,"column":43}},"19":{"start":{"line":61,"column":6},"end":{"line":61,"column":56}},"20":{"start":{"line":64,"column":6},"end":{"line":64,"column":25}},"21":{"start":{"line":68,"column":29},"end":{"line":80,"column":1}},"22":{"start":{"line":68,"column":44},"end":{"line":80,"column":1}},"23":{"start":{"line":69,"column":2},"end":{"line":79,"column":5}},"24":{"start":{"line":74,"column":4},"end":{"line":74,"column":41}},"25":{"start":{"line":75,"column":4},"end":{"line":75,"column":45}},"26":{"start":{"line":78,"column":4},"end":{"line":78,"column":23}},"27":{"start":{"line":82,"column":26},"end":{"line":94,"column":1}},"28":{"start":{"line":82,"column":41},"end":{"line":94,"column":1}},"29":{"start":{"line":83,"column":2},"end":{"line":93,"column":5}},"30":{"start":{"line":88,"column":4},"end":{"line":88,"column":41}},"31":{"start":{"line":89,"column":4},"end":{"line":89,"column":42}},"32":{"start":{"line":92,"column":4},"end":{"line":92,"column":23}},"33":{"start":{"line":97,"column":27},"end":{"line":110,"column":1}},"34":{"start":{"line":97,"column":52},"end":{"line":110,"column":1}},"35":{"start":{"line":98,"column":2},"end":{"line":109,"column":5}},"36":{"start":{"line":104,"column":4},"end":{"line":104,"column":41}},"37":{"start":{"line":105,"column":4},"end":{"line":105,"column":63}},"38":{"start":{"line":108,"column":4},"end":{"line":108,"column":23}}},"fnMap":{"0":{"name":"(anonymous_0)","decl":{"start":{"line":6,"column":35},"end":{"line":6,"column":36}},"loc":{"start":{"line":6,"column":48},"end":{"line":11,"column":1}},"line":6},"1":{"name":"(anonymous_1)","decl":{"start":{"line":13,"column":33},"end":{"line":13,"column":34}},"loc":{"start":{"line":13,"column":46},"end":{"line":18,"column":1}},"line":13},"2":{"name":"(anonymous_2)","decl":{"start":{"line":20,"column":36},"end":{"line":20,"column":37}},"loc":{"start":{"line":20,"column":51},"end":{"line":25,"column":1}},"line":20},"3":{"name":"(anonymous_3)","decl":{"start":{"line":27,"column":33},"end":{"line":27,"column":34}},"loc":{"start":{"line":27,"column":48},"end":{"line":32,"column":1}},"line":27},"4":{"name":"(anonymous_4)","decl":{"start":{"line":34,"column":34},"end":{"line":34,"column":35}},"loc":{"start":{"line":34,"column":58},"end":{"line":40,"column":1}},"line":34},"5":{"name":"(anonymous_5)","decl":{"start":{"line":42,"column":29},"end":{"line":42,"column":30}},"loc":{"start":{"line":42,"column":35},"end":{"line":51,"column":1}},"line":42},"6":{"name":"(anonymous_6)","decl":{"start":{"line":42,"column":35},"end":{"line":42,"column":36}},"loc":{"start":{"line":42,"column":49},"end":{"line":51,"column":1}},"line":42},"7":{"name":"(anonymous_7)","decl":{"start":{"line":47,"column":10},"end":{"line":47,"column":11}},"loc":{"start":{"line":47,"column":22},"end":{"line":49,"column":5}},"line":47},"8":{"name":"(anonymous_8)","decl":{"start":{"line":50,"column":11},"end":{"line":50,"column":12}},"loc":{"start":{"line":50,"column":22},"end":{"line":50,"column":44}},"line":50},"9":{"name":"(anonymous_9)","decl":{"start":{"line":53,"column":26},"end":{"line":53,"column":27}},"loc":{"start":{"line":53,"column":39},"end":{"line":66,"column":1}},"line":53},"10":{"name":"(anonymous_10)","decl":{"start":{"line":53,"column":39},"end":{"line":53,"column":40}},"loc":{"start":{"line":53,"column":54},"end":{"line":66,"column":1}},"line":53},"11":{"name":"(anonymous_11)","decl":{"start":{"line":59,"column":10},"end":{"line":59,"column":11}},"loc":{"start":{"line":59,"column":22},"end":{"line":62,"column":5}},"line":59},"12":{"name":"(anonymous_12)","decl":{"start":{"line":63,"column":11},"end":{"line":63,"column":12}},"loc":{"start":{"line":63,"column":22},"end":{"line":65,"column":5}},"line":63},"13":{"name":"(anonymous_13)","decl":{"start":{"line":68,"column":29},"end":{"line":68,"column":30}},"loc":{"start":{"line":68,"column":44},"end":{"line":80,"column":1}},"line":68},"14":{"name":"(anonymous_14)","decl":{"start":{"line":68,"column":44},"end":{"line":68,"column":45}},"loc":{"start":{"line":68,"column":57},"end":{"line":80,"column":1}},"line":68},"15":{"name":"(anonymous_15)","decl":{"start":{"line":73,"column":8},"end":{"line":73,"column":9}},"loc":{"start":{"line":73,"column":20},"end":{"line":76,"column":3}},"line":73},"16":{"name":"(anonymous_16)","decl":{"start":{"line":77,"column":9},"end":{"line":77,"column":10}},"loc":{"start":{"line":77,"column":20},"end":{"line":79,"column":3}},"line":77},"17":{"name":"(anonymous_17)","decl":{"start":{"line":82,"column":26},"end":{"line":82,"column":27}},"loc":{"start":{"line":82,"column":41},"end":{"line":94,"column":1}},"line":82},"18":{"name":"(anonymous_18)","decl":{"start":{"line":82,"column":41},"end":{"line":82,"column":42}},"loc":{"start":{"line":82,"column":54},"end":{"line":94,"column":1}},"line":82},"19":{"name":"(anonymous_19)","decl":{"start":{"line":87,"column":8},"end":{"line":87,"column":9}},"loc":{"start":{"line":87,"column":20},"end":{"line":90,"column":3}},"line":87},"20":{"name":"(anonymous_20)","decl":{"start":{"line":91,"column":9},"end":{"line":91,"column":10}},"loc":{"start":{"line":91,"column":20},"end":{"line":93,"column":3}},"line":91},"21":{"name":"(anonymous_21)","decl":{"start":{"line":97,"column":27},"end":{"line":97,"column":28}},"loc":{"start":{"line":97,"column":52},"end":{"line":110,"column":1}},"line":97},"22":{"name":"(anonymous_22)","decl":{"start":{"line":97,"column":52},"end":{"line":97,"column":53}},"loc":{"start":{"line":97,"column":65},"end":{"line":110,"column":1}},"line":97},"23":{"name":"(anonymous_23)","decl":{"start":{"line":103,"column":8},"end":{"line":103,"column":9}},"loc":{"start":{"line":103,"column":20},"end":{"line":106,"column":3}},"line":103},"24":{"name":"(anonymous_24)","decl":{"start":{"line":107,"column":9},"end":{"line":107,"column":10}},"loc":{"start":{"line":107,"column":20},"end":{"line":109,"column":3}},"line":107}},"branchMap":{},"s":{"0":3,"1":1,"2":3,"3":1,"4":3,"5":1,"6":3,"7":1,"8":3,"9":1,"10":3,"11":1,"12":1,"13":1,"14":0,"15":3,"16":1,"17":1,"18":1,"19":1,"20":0,"21":3,"22":1,"23":1,"24":1,"25":1,"26":0,"27":3,"28":1,"29":1,"30":1,"31":1,"32":0,"33":3,"34":1,"35":1,"36":1,"37":1,"38":0},"f":{"0":1,"1":1,"2":1,"3":1,"4":1,"5":1,"6":1,"7":1,"8":0,"9":1,"10":1,"11":1,"12":0,"13":1,"14":1,"15":1,"16":0,"17":1,"18":1,"19":1,"20":0,"21":1,"22":1,"23":1,"24":0},"b":{},"_coverageSchema":"332fd63041d2c1bcb487cc26dd0d5f7d97098a6c","hash":"f2e3f1cc735bd3a3dc7ebcad22f1006e1af9811b"}
,"/Users/andeladeveloper/git/react-express-fullstack/src/components/App.jsx": {"path":"/Users/andeladeveloper/git/react-express-fullstack/src/components/App.jsx","statementMap":{"0":{"start":{"line":8,"column":4},"end":{"line":12,"column":6}}},"fnMap":{"0":{"name":"(anonymous_0)","decl":{"start":{"line":7,"column":2},"end":{"line":7,"column":3}},"loc":{"start":{"line":7,"column":11},"end":{"line":13,"column":3}},"line":7}},"branchMap":{},"s":{"0":1},"f":{"0":1},"b":{},"_coverageSchema":"332fd63041d2c1bcb487cc26dd0d5f7d97098a6c","hash":"32d0796911b8f3bcde29d4caee446ae9b57b90fd"}
,"/Users/andeladeveloper/git/react-express-fullstack/src/components/GroceryList.jsx": {"path":"/Users/andeladeveloper/git/react-express-fullstack/src/components/GroceryList.jsx","statementMap":{"0":{"start":{"line":12,"column":4},"end":{"line":12,"column":17}},"1":{"start":{"line":13,"column":4},"end":{"line":20,"column":6}},"2":{"start":{"line":22,"column":2},"end":{"line":22,"column":47}},"3":{"start":{"line":23,"column":2},"end":{"line":23,"column":52}},"4":{"start":{"line":24,"column":2},"end":{"line":24,"column":46}},"5":{"start":{"line":25,"column":2},"end":{"line":25,"column":48}},"6":{"start":{"line":26,"column":2},"end":{"line":26,"column":42}},"7":{"start":{"line":27,"column":2},"end":{"line":27,"column":36}},"8":{"start":{"line":28,"column":2},"end":{"line":28,"column":54}},"9":{"start":{"line":33,"column":2},"end":{"line":36,"column":19}},"10":{"start":{"line":40,"column":2},"end":{"line":45,"column":4}},"11":{"start":{"line":49,"column":2},"end":{"line":49,"column":21}},"12":{"start":{"line":50,"column":48},"end":{"line":50,"column":58}},"13":{"start":{"line":51,"column":2},"end":{"line":71,"column":3}},"14":{"start":{"line":52,"column":27},"end":{"line":55,"column":5}},"15":{"start":{"line":56,"column":4},"end":{"line":56,"column":41}},"16":{"start":{"line":57,"column":4},"end":{"line":62,"column":7}},"17":{"start":{"line":64,"column":4},"end":{"line":66,"column":5}},"18":{"start":{"line":65,"column":6},"end":{"line":65,"column":60}},"19":{"start":{"line":67,"column":4},"end":{"line":69,"column":5}},"20":{"start":{"line":68,"column":6},"end":{"line":68,"column":62}},"21":{"start":{"line":70,"column":4},"end":{"line":70,"column":29}},"22":{"start":{"line":75,"column":48},"end":{"line":75,"column":58}},"23":{"start":{"line":76,"column":2},"end":{"line":96,"column":3}},"24":{"start":{"line":77,"column":27},"end":{"line":80,"column":5}},"25":{"start":{"line":81,"column":4},"end":{"line":81,"column":55}},"26":{"start":{"line":82,"column":4},"end":{"line":87,"column":7}},"27":{"start":{"line":89,"column":4},"end":{"line":91,"column":5}},"28":{"start":{"line":90,"column":6},"end":{"line":90,"column":60}},"29":{"start":{"line":92,"column":4},"end":{"line":94,"column":5}},"30":{"start":{"line":93,"column":6},"end":{"line":93,"column":62}},"31":{"start":{"line":95,"column":4},"end":{"line":95,"column":29}},"32":{"start":{"line":100,"column":2},"end":{"line":102,"column":5}},"33":{"start":{"line":106,"column":2},"end":{"line":106,"column":30}},"34":{"start":{"line":110,"column":2},"end":{"line":110,"column":27}},"35":{"start":{"line":114,"column":24},"end":{"line":114,"column":34}},"36":{"start":{"line":115,"column":4},"end":{"line":148,"column":6}},"37":{"start":{"line":144,"column":25},"end":{"line":144,"column":54}},"38":{"start":{"line":153,"column":24},"end":{"line":155,"column":2}},"39":{"start":{"line":153,"column":34},"end":{"line":155,"column":1}},"40":{"start":{"line":157,"column":27},"end":{"line":166,"column":3}},"41":{"start":{"line":158,"column":2},"end":{"line":166,"column":3}}},"fnMap":{"0":{"name":"(anonymous_0)","decl":{"start":{"line":11,"column":2},"end":{"line":11,"column":3}},"loc":{"start":{"line":11,"column":21},"end":{"line":30,"column":3}},"line":11},"1":{"name":"(anonymous_1)","decl":{"start":{"line":32,"column":0},"end":{"line":32,"column":1}},"loc":{"start":{"line":32,"column":13},"end":{"line":37,"column":1}},"line":32},"2":{"name":"(anonymous_2)","decl":{"start":{"line":39,"column":0},"end":{"line":39,"column":1}},"loc":{"start":{"line":39,"column":24},"end":{"line":46,"column":1}},"line":39},"3":{"name":"(anonymous_3)","decl":{"start":{"line":48,"column":0},"end":{"line":48,"column":1}},"loc":{"start":{"line":48,"column":14},"end":{"line":72,"column":1}},"line":48},"4":{"name":"(anonymous_4)","decl":{"start":{"line":74,"column":0},"end":{"line":74,"column":1}},"loc":{"start":{"line":74,"column":21},"end":{"line":97,"column":1}},"line":74},"5":{"name":"(anonymous_5)","decl":{"start":{"line":99,"column":0},"end":{"line":99,"column":1}},"loc":{"start":{"line":99,"column":17},"end":{"line":103,"column":1}},"line":99},"6":{"name":"(anonymous_6)","decl":{"start":{"line":105,"column":0},"end":{"line":105,"column":1}},"loc":{"start":{"line":105,"column":13},"end":{"line":107,"column":1}},"line":105},"7":{"name":"(anonymous_7)","decl":{"start":{"line":109,"column":0},"end":{"line":109,"column":1}},"loc":{"start":{"line":109,"column":10},"end":{"line":111,"column":1}},"line":109},"8":{"name":"(anonymous_8)","decl":{"start":{"line":113,"column":2},"end":{"line":113,"column":3}},"loc":{"start":{"line":113,"column":11},"end":{"line":149,"column":3}},"line":113},"9":{"name":"(anonymous_9)","decl":{"start":{"line":144,"column":19},"end":{"line":144,"column":20}},"loc":{"start":{"line":144,"column":25},"end":{"line":144,"column":54}},"line":144},"10":{"name":"(anonymous_10)","decl":{"start":{"line":153,"column":24},"end":{"line":153,"column":25}},"loc":{"start":{"line":153,"column":34},"end":{"line":155,"column":1}},"line":153},"11":{"name":"(anonymous_11)","decl":{"start":{"line":157,"column":27},"end":{"line":157,"column":28}},"loc":{"start":{"line":158,"column":2},"end":{"line":166,"column":3}},"line":158}},"branchMap":{"0":{"loc":{"start":{"line":51,"column":2},"end":{"line":71,"column":3}},"type":"if","locations":[{"start":{"line":51,"column":2},"end":{"line":71,"column":3}},{"start":{"line":51,"column":2},"end":{"line":71,"column":3}}],"line":51},"1":{"loc":{"start":{"line":51,"column":6},"end":{"line":51,"column":49}},"type":"binary-expr","locations":[{"start":{"line":51,"column":6},"end":{"line":51,"column":24}},{"start":{"line":51,"column":28},"end":{"line":51,"column":49}}],"line":51},"2":{"loc":{"start":{"line":64,"column":4},"end":{"line":66,"column":5}},"type":"if","locations":[{"start":{"line":64,"column":4},"end":{"line":66,"column":5}},{"start":{"line":64,"column":4},"end":{"line":66,"column":5}}],"line":64},"3":{"loc":{"start":{"line":67,"column":4},"end":{"line":69,"column":5}},"type":"if","locations":[{"start":{"line":67,"column":4},"end":{"line":69,"column":5}},{"start":{"line":67,"column":4},"end":{"line":69,"column":5}}],"line":67},"4":{"loc":{"start":{"line":76,"column":2},"end":{"line":96,"column":3}},"type":"if","locations":[{"start":{"line":76,"column":2},"end":{"line":96,"column":3}},{"start":{"line":76,"column":2},"end":{"line":96,"column":3}}],"line":76},"5":{"loc":{"start":{"line":76,"column":6},"end":{"line":76,"column":49}},"type":"binary-expr","locations":[{"start":{"line":76,"column":6},"end":{"line":76,"column":24}},{"start":{"line":76,"column":28},"end":{"line":76,"column":49}}],"line":76},"6":{"loc":{"start":{"line":89,"column":4},"end":{"line":91,"column":5}},"type":"if","locations":[{"start":{"line":89,"column":4},"end":{"line":91,"column":5}},{"start":{"line":89,"column":4},"end":{"line":91,"column":5}}],"line":89},"7":{"loc":{"start":{"line":92,"column":4},"end":{"line":94,"column":5}},"type":"if","locations":[{"start":{"line":92,"column":4},"end":{"line":94,"column":5}},{"start":{"line":92,"column":4},"end":{"line":94,"column":5}}],"line":92}},"s":{"0":1,"1":1,"2":1,"3":1,"4":1,"5":1,"6":1,"7":1,"8":1,"9":1,"10":1,"11":2,"12":2,"13":2,"14":1,"15":1,"16":1,"17":1,"18":1,"19":1,"20":1,"21":1,"22":2,"23":2,"24":0,"25":0,"26":0,"27":2,"28":2,"29":2,"30":2,"31":2,"32":0,"33":1,"34":1,"35":8,"36":8,"37":1,"38":2,"39":0,"40":2,"41":0},"f":{"0":1,"1":1,"2":1,"3":2,"4":2,"5":0,"6":1,"7":1,"8":8,"9":1,"10":0,"11":0},"b":{"0":[1,1],"1":[2,1],"2":[1,0],"3":[1,0],"4":[0,2],"5":[2,0],"6":[2,0],"7":[2,0]},"_coverageSchema":"332fd63041d2c1bcb487cc26dd0d5f7d97098a6c","hash":"bad78757ae2ef74d70721a9a63322ef597a943d4"}
,"/Users/andeladeveloper/git/react-express-fullstack/src/components/GroceryModal.jsx": {"path":"/Users/andeladeveloper/git/react-express-fullstack/src/components/GroceryModal.jsx","statementMap":{"0":{"start":{"line":4,"column":21},"end":{"line":76,"column":1}},"1":{"start":{"line":5,"column":2},"end":{"line":75,"column":4}},"2":{"start":{"line":60,"column":29},"end":{"line":60,"column":49}}},"fnMap":{"0":{"name":"(anonymous_0)","decl":{"start":{"line":4,"column":21},"end":{"line":4,"column":22}},"loc":{"start":{"line":4,"column":125},"end":{"line":76,"column":1}},"line":4},"1":{"name":"(anonymous_1)","decl":{"start":{"line":60,"column":23},"end":{"line":60,"column":24}},"loc":{"start":{"line":60,"column":29},"end":{"line":60,"column":49}},"line":60}},"branchMap":{"0":{"loc":{"start":{"line":20,"column":13},"end":{"line":24,"column":13}},"type":"binary-expr","locations":[{"start":{"line":20,"column":13},"end":{"line":20,"column":31}},{"start":{"line":21,"column":14},"end":{"line":23,"column":21}}],"line":20},"1":{"loc":{"start":{"line":28,"column":28},"end":{"line":28,"column":45}},"type":"binary-expr","locations":[{"start":{"line":28,"column":28},"end":{"line":28,"column":39}},{"start":{"line":28,"column":43},"end":{"line":28,"column":45}}],"line":28},"2":{"loc":{"start":{"line":38,"column":13},"end":{"line":42,"column":13}},"type":"binary-expr","locations":[{"start":{"line":38,"column":13},"end":{"line":38,"column":32}},{"start":{"line":39,"column":14},"end":{"line":41,"column":21}}],"line":38},"3":{"loc":{"start":{"line":46,"column":28},"end":{"line":46,"column":46}},"type":"binary-expr","locations":[{"start":{"line":46,"column":28},"end":{"line":46,"column":40}},{"start":{"line":46,"column":44},"end":{"line":46,"column":46}}],"line":46},"4":{"loc":{"start":{"line":54,"column":13},"end":{"line":70,"column":21}},"type":"cond-expr","locations":[{"start":{"line":55,"column":14},"end":{"line":62,"column":21}},{"start":{"line":63,"column":14},"end":{"line":70,"column":21}}],"line":54}},"s":{"0":3,"1":1,"2":0},"f":{"0":1,"1":0},"b":{"0":[1,0],"1":[1,1],"2":[1,0],"3":[1,1],"4":[0,1]},"_coverageSchema":"332fd63041d2c1bcb487cc26dd0d5f7d97098a6c","hash":"9beae1ca525bd91ac45a233a4c7f21d5d9136291"}
,"/Users/andeladeveloper/git/react-express-fullstack/src/components/GroceryTable.jsx": {"path":"/Users/andeladeveloper/git/react-express-fullstack/src/components/GroceryTable.jsx","statementMap":{"0":{"start":{"line":3,"column":21},"end":{"line":61,"column":3}},"1":{"start":{"line":4,"column":4},"end":{"line":60,"column":6}},"2":{"start":{"line":25,"column":12},"end":{"line":54,"column":17}},"3":{"start":{"line":38,"column":31},"end":{"line":38,"column":54}},"4":{"start":{"line":43,"column":31},"end":{"line":43,"column":46}},"5":{"start":{"line":50,"column":31},"end":{"line":50,"column":57}}},"fnMap":{"0":{"name":"(anonymous_0)","decl":{"start":{"line":3,"column":21},"end":{"line":3,"column":22}},"loc":{"start":{"line":3,"column":73},"end":{"line":61,"column":3}},"line":3},"1":{"name":"(anonymous_1)","decl":{"start":{"line":24,"column":25},"end":{"line":24,"column":26}},"loc":{"start":{"line":25,"column":12},"end":{"line":54,"column":17}},"line":25},"2":{"name":"(anonymous_2)","decl":{"start":{"line":38,"column":25},"end":{"line":38,"column":26}},"loc":{"start":{"line":38,"column":31},"end":{"line":38,"column":54}},"line":38},"3":{"name":"(anonymous_3)","decl":{"start":{"line":43,"column":25},"end":{"line":43,"column":26}},"loc":{"start":{"line":43,"column":31},"end":{"line":43,"column":46}},"line":43},"4":{"name":"(anonymous_4)","decl":{"start":{"line":50,"column":25},"end":{"line":50,"column":26}},"loc":{"start":{"line":50,"column":31},"end":{"line":50,"column":57}},"line":50}},"branchMap":{"0":{"loc":{"start":{"line":36,"column":23},"end":{"line":36,"column":59}},"type":"cond-expr","locations":[{"start":{"line":36,"column":43},"end":{"line":36,"column":51}},{"start":{"line":36,"column":54},"end":{"line":36,"column":59}}],"line":36}},"s":{"0":3,"1":1,"2":1,"3":0,"4":0,"5":0},"f":{"0":1,"1":1,"2":0,"3":0,"4":0},"b":{"0":[0,1]},"_coverageSchema":"332fd63041d2c1bcb487cc26dd0d5f7d97098a6c","hash":"d7e79dd3d4c30ccc9850885b4d60f82752924d01"}
,"/Users/andeladeveloper/git/react-express-fullstack/src/components/TotalPrice.jsx": {"path":"/Users/andeladeveloper/git/react-express-fullstack/src/components/TotalPrice.jsx","statementMap":{"0":{"start":{"line":3,"column":19},"end":{"line":15,"column":3}},"1":{"start":{"line":4,"column":19},"end":{"line":4,"column":20}},"2":{"start":{"line":5,"column":2},"end":{"line":9,"column":4}},"3":{"start":{"line":6,"column":4},"end":{"line":8,"column":5}},"4":{"start":{"line":7,"column":6},"end":{"line":7,"column":40}},"5":{"start":{"line":10,"column":2},"end":{"line":14,"column":6}}},"fnMap":{"0":{"name":"(anonymous_0)","decl":{"start":{"line":3,"column":19},"end":{"line":3,"column":20}},"loc":{"start":{"line":3,"column":36},"end":{"line":15,"column":3}},"line":3},"1":{"name":"(anonymous_1)","decl":{"start":{"line":5,"column":16},"end":{"line":5,"column":17}},"loc":{"start":{"line":5,"column":27},"end":{"line":9,"column":3}},"line":5}},"branchMap":{"0":{"loc":{"start":{"line":6,"column":4},"end":{"line":8,"column":5}},"type":"if","locations":[{"start":{"line":6,"column":4},"end":{"line":8,"column":5}},{"start":{"line":6,"column":4},"end":{"line":8,"column":5}}],"line":6}},"s":{"0":3,"1":1,"2":1,"3":1,"4":1,"5":1},"f":{"0":1,"1":1},"b":{"0":[1,0]},"_coverageSchema":"332fd63041d2c1bcb487cc26dd0d5f7d97098a6c","hash":"b6d2b363ffa25b6cd8101dd2fcea28b1023bc9c8"}
,"/Users/andeladeveloper/git/react-express-fullstack/src/reducers/groceriesReducer.js": {"path":"/Users/andeladeveloper/git/react-express-fullstack/src/reducers/groceriesReducer.js","statementMap":{"0":{"start":{"line":4,"column":44},"end":{"line":4,"column":63}},"1":{"start":{"line":7,"column":2},"end":{"line":46,"column":3}},"2":{"start":{"line":9,"column":6},"end":{"line":9,"column":30}},"3":{"start":{"line":12,"column":6},"end":{"line":14,"column":7}},"4":{"start":{"line":17,"column":6},"end":{"line":19,"column":8}},"5":{"start":{"line":18,"column":35},"end":{"line":18,"column":67}},"6":{"start":{"line":22,"column":6},"end":{"line":22,"column":24}},"7":{"start":{"line":23,"column":6},"end":{"line":23,"column":82}},"8":{"start":{"line":23,"column":48},"end":{"line":23,"column":80}},"9":{"start":{"line":24,"column":6},"end":{"line":24,"column":45}},"10":{"start":{"line":25,"column":6},"end":{"line":25,"column":40}},"11":{"start":{"line":26,"column":6},"end":{"line":30,"column":7}},"12":{"start":{"line":31,"column":6},"end":{"line":31,"column":22}},"13":{"start":{"line":34,"column":8},"end":{"line":34,"column":26}},"14":{"start":{"line":35,"column":8},"end":{"line":35,"column":84}},"15":{"start":{"line":35,"column":50},"end":{"line":35,"column":82}},"16":{"start":{"line":36,"column":8},"end":{"line":36,"column":42}},"17":{"start":{"line":37,"column":8},"end":{"line":41,"column":9}},"18":{"start":{"line":42,"column":6},"end":{"line":42,"column":22}},"19":{"start":{"line":45,"column":6},"end":{"line":45,"column":19}}},"fnMap":{"0":{"name":"groceriesReducer","decl":{"start":{"line":6,"column":24},"end":{"line":6,"column":40}},"loc":{"start":{"line":6,"column":81},"end":{"line":47,"column":1}},"line":6},"1":{"name":"(anonymous_1)","decl":{"start":{"line":18,"column":24},"end":{"line":18,"column":25}},"loc":{"start":{"line":18,"column":35},"end":{"line":18,"column":67}},"line":18},"2":{"name":"(anonymous_2)","decl":{"start":{"line":23,"column":37},"end":{"line":23,"column":38}},"loc":{"start":{"line":23,"column":48},"end":{"line":23,"column":80}},"line":23},"3":{"name":"(anonymous_3)","decl":{"start":{"line":35,"column":39},"end":{"line":35,"column":40}},"loc":{"start":{"line":35,"column":50},"end":{"line":35,"column":82}},"line":35}},"branchMap":{"0":{"loc":{"start":{"line":6,"column":41},"end":{"line":6,"column":71}},"type":"default-arg","locations":[{"start":{"line":6,"column":49},"end":{"line":6,"column":71}}],"line":6},"1":{"loc":{"start":{"line":7,"column":2},"end":{"line":46,"column":3}},"type":"switch","locations":[{"start":{"line":8,"column":4},"end":{"line":9,"column":30}},{"start":{"line":11,"column":4},"end":{"line":14,"column":7}},{"start":{"line":16,"column":4},"end":{"line":19,"column":8}},{"start":{"line":21,"column":4},"end":{"line":31,"column":22}},{"start":{"line":33,"column":6},"end":{"line":42,"column":22}},{"start":{"line":44,"column":4},"end":{"line":45,"column":19}}],"line":7}},"s":{"0":1,"1":6,"2":1,"3":1,"4":1,"5":5,"6":1,"7":1,"8":1,"9":1,"10":1,"11":1,"12":1,"13":1,"14":1,"15":1,"16":1,"17":1,"18":1,"19":1},"f":{"0":6,"1":5,"2":1,"3":1},"b":{"0":[1],"1":[1,1,1,1,1,1]},"_coverageSchema":"332fd63041d2c1bcb487cc26dd0d5f7d97098a6c","hash":"337fe7f0b950e706c2ab5944296d4ce0b74803e4"}
,"/Users/andeladeveloper/git/react-express-fullstack/src/reducers/initialState.js": {"path":"/Users/andeladeveloper/git/react-express-fullstack/src/reducers/initialState.js","statementMap":{"0":{"start":{"line":1,"column":21},"end":{"line":3,"column":1}}},"fnMap":{},"branchMap":{},"s":{"0":1},"f":{},"b":{},"_coverageSchema":"332fd63041d2c1bcb487cc26dd0d5f7d97098a6c","hash":"1fd34b10e134e79fc60ffcff302279493aa3c976"}
,"/Users/andeladeveloper/git/react-express-fullstack/src/tests/setup.js": {"path":"/Users/andeladeveloper/git/react-express-fullstack/src/tests/setup.js","statementMap":{"0":{"start":{"line":4,"column":0},"end":{"line":4,"column":38}}},"fnMap":{},"branchMap":{},"s":{"0":7},"f":{},"b":{},"_coverageSchema":"332fd63041d2c1bcb487cc26dd0d5f7d97098a6c","hash":"97dd6b33cdce1d15a3ae112cabc0b7c627622e58"}
}
