TN:
SF:/Users/andeladeveloper/git/react-express-fullstack/src/index.js
FNF:0
FNH:0
DA:1,0
DA:2,0
DA:3,0
DA:4,0
DA:5,0
DA:6,0
DA:7,0
DA:8,0
DA:10,0
DA:11,0
DA:13,0
LF:11
LH:0
BRF:0
BRH:0
end_of_record
TN:
SF:/Users/andeladeveloper/git/react-express-fullstack/src/serviceWorker.js
FN:23,register
FN:34,(anonymous_1)
FN:43,(anonymous_2)
FN:57,registerValidSW
FN:60,(anonymous_4)
FN:61,(anonymous_5)
FN:66,(anonymous_6)
FN:96,(anonymous_7)
FN:101,checkValidServiceWorker
FN:104,(anonymous_9)
FN:112,(anonymous_10)
FN:113,(anonymous_11)
FN:122,(anonymous_12)
FN:129,unregister
FN:131,(anonymous_14)
FNF:15
FNH:0
FNDA:0,register
FNDA:0,(anonymous_1)
FNDA:0,(anonymous_2)
FNDA:0,registerValidSW
FNDA:0,(anonymous_4)
FNDA:0,(anonymous_5)
FNDA:0,(anonymous_6)
FNDA:0,(anonymous_7)
FNDA:0,checkValidServiceWorker
FNDA:0,(anonymous_9)
FNDA:0,(anonymous_10)
FNDA:0,(anonymous_11)
FNDA:0,(anonymous_12)
FNDA:0,unregister
FNDA:0,(anonymous_14)
DA:13,0
DA:24,0
DA:26,0
DA:27,0
DA:31,0
DA:34,0
DA:35,0
DA:37,0
DA:39,0
DA:43,0
DA:44,0
DA:51,0
DA:58,0
DA:61,0
DA:62,0
DA:63,0
DA:64,0
DA:66,0
DA:67,0
DA:68,0
DA:72,0
DA:78,0
DA:79,0
DA:85,0
DA:88,0
DA:89,0
DA:97,0
DA:103,0
DA:106,0
DA:107,0
DA:112,0
DA:113,0
DA:114,0
DA:119,0
DA:123,0
DA:130,0
DA:131,0
DA:132,0
LF:38
LH:0
BRDA:14,0,0,0
BRDA:14,0,1,0
BRDA:14,0,2,0
BRDA:24,1,0,0
BRDA:24,1,1,0
BRDA:24,2,0,0
BRDA:24,2,1,0
BRDA:27,3,0,0
BRDA:27,3,1,0
BRDA:37,4,0,0
BRDA:37,4,1,0
BRDA:63,5,0,0
BRDA:63,5,1,0
BRDA:67,6,0,0
BRDA:67,6,1,0
BRDA:68,7,0,0
BRDA:68,7,1,0
BRDA:78,8,0,0
BRDA:78,8,1,0
BRDA:78,9,0,0
BRDA:78,9,1,0
BRDA:88,10,0,0
BRDA:88,10,1,0
BRDA:88,11,0,0
BRDA:88,11,1,0
BRDA:107,12,0,0
BRDA:107,12,1,0
BRDA:108,13,0,0
BRDA:108,13,1,0
BRDA:108,13,2,0
BRDA:130,14,0,0
BRDA:130,14,1,0
BRF:32
BRH:0
end_of_record
TN:
SF:/Users/andeladeveloper/git/react-express-fullstack/src/actions/actionTypes.js
FNF:0
FNH:0
DA:1,3
DA:2,3
DA:3,3
DA:4,3
DA:5,3
LF:5
LH:5
BRF:0
BRH:0
end_of_record
TN:
SF:/Users/andeladeveloper/git/react-express-fullstack/src/actions/groceryAction.js
FN:6,(anonymous_0)
FN:13,(anonymous_1)
FN:20,(anonymous_2)
FN:27,(anonymous_3)
FN:34,(anonymous_4)
FN:42,(anonymous_5)
FN:42,(anonymous_6)
FN:47,(anonymous_7)
FN:50,(anonymous_8)
FN:53,(anonymous_9)
FN:53,(anonymous_10)
FN:59,(anonymous_11)
FN:63,(anonymous_12)
FN:68,(anonymous_13)
FN:68,(anonymous_14)
FN:73,(anonymous_15)
FN:77,(anonymous_16)
FN:82,(anonymous_17)
FN:82,(anonymous_18)
FN:87,(anonymous_19)
FN:91,(anonymous_20)
FN:97,(anonymous_21)
FN:97,(anonymous_22)
FN:103,(anonymous_23)
FN:107,(anonymous_24)
FNF:25
FNH:4
FNDA:1,(anonymous_0)
FNDA:0,(anonymous_1)
FNDA:0,(anonymous_2)
FNDA:0,(anonymous_3)
FNDA:0,(anonymous_4)
FNDA:1,(anonymous_5)
FNDA:1,(anonymous_6)
FNDA:1,(anonymous_7)
FNDA:0,(anonymous_8)
FNDA:0,(anonymous_9)
FNDA:0,(anonymous_10)
FNDA:0,(anonymous_11)
FNDA:0,(anonymous_12)
FNDA:0,(anonymous_13)
FNDA:0,(anonymous_14)
FNDA:0,(anonymous_15)
FNDA:0,(anonymous_16)
FNDA:0,(anonymous_17)
FNDA:0,(anonymous_18)
FNDA:0,(anonymous_19)
FNDA:0,(anonymous_20)
FNDA:0,(anonymous_21)
FNDA:0,(anonymous_22)
FNDA:0,(anonymous_23)
FNDA:0,(anonymous_24)
DA:6,3
DA:7,1
DA:13,3
DA:14,0
DA:20,3
DA:21,0
DA:27,3
DA:28,0
DA:34,3
DA:35,0
DA:42,3
DA:43,1
DA:48,1
DA:50,0
DA:53,3
DA:54,0
DA:60,0
DA:61,0
DA:64,0
DA:68,3
DA:69,0
DA:74,0
DA:75,0
DA:78,0
DA:82,3
DA:83,0
DA:88,0
DA:89,0
DA:92,0
DA:97,3
DA:98,0
DA:104,0
DA:105,0
DA:108,0
LF:34
LH:13
BRF:0
BRH:0
end_of_record
TN:
SF:/Users/andeladeveloper/git/react-express-fullstack/src/components/App.jsx
FN:7,(anonymous_0)
FNF:1
FNH:1
FNDA:1,(anonymous_0)
DA:8,1
LF:1
LH:1
BRF:0
BRH:0
end_of_record
TN:
SF:/Users/andeladeveloper/git/react-express-fullstack/src/components/GroceryList.jsx
FN:11,(anonymous_0)
FN:32,(anonymous_1)
FN:39,(anonymous_2)
FN:48,(anonymous_3)
FN:74,(anonymous_4)
FN:99,(anonymous_5)
FN:105,(anonymous_6)
FN:109,(anonymous_7)
FN:113,(anonymous_8)
FN:144,(anonymous_9)
FN:153,(anonymous_10)
FN:157,(anonymous_11)
FNF:12
FNH:9
FNDA:1,(anonymous_0)
FNDA:1,(anonymous_1)
FNDA:1,(anonymous_2)
FNDA:2,(anonymous_3)
FNDA:2,(anonymous_4)
FNDA:0,(anonymous_5)
FNDA:1,(anonymous_6)
FNDA:1,(anonymous_7)
FNDA:8,(anonymous_8)
FNDA:1,(anonymous_9)
FNDA:0,(anonymous_10)
FNDA:0,(anonymous_11)
DA:12,1
DA:13,1
DA:22,1
DA:23,1
DA:24,1
DA:25,1
DA:26,1
DA:27,1
DA:28,1
DA:33,1
DA:40,1
DA:49,2
DA:50,2
DA:51,2
DA:52,1
DA:56,1
DA:57,1
DA:64,1
DA:65,1
DA:67,1
DA:68,1
DA:70,1
DA:75,2
DA:76,2
DA:77,0
DA:81,0
DA:82,0
DA:89,2
DA:90,2
DA:92,2
DA:93,2
DA:95,2
DA:100,0
DA:106,1
DA:110,1
DA:114,8
DA:115,8
DA:144,1
DA:153,2
DA:157,2
DA:158,0
LF:41
LH:36
BRDA:51,0,0,1
BRDA:51,0,1,1
BRDA:51,1,0,2
BRDA:51,1,1,1
BRDA:64,2,0,1
BRDA:64,2,1,0
BRDA:67,3,0,1
BRDA:67,3,1,0
BRDA:76,4,0,0
BRDA:76,4,1,2
BRDA:76,5,0,2
BRDA:76,5,1,0
BRDA:89,6,0,2
BRDA:89,6,1,0
BRDA:92,7,0,2
BRDA:92,7,1,0
BRF:16
BRH:10
end_of_record
TN:
SF:/Users/andeladeveloper/git/react-express-fullstack/src/components/GroceryModal.jsx
FN:4,(anonymous_0)
FN:60,(anonymous_1)
FNF:2
FNH:1
FNDA:1,(anonymous_0)
FNDA:0,(anonymous_1)
DA:4,3
DA:5,1
DA:60,0
LF:3
LH:2
BRDA:20,0,0,1
BRDA:20,0,1,0
BRDA:28,1,0,1
BRDA:28,1,1,1
BRDA:38,2,0,1
BRDA:38,2,1,0
BRDA:46,3,0,1
BRDA:46,3,1,1
BRDA:54,4,0,0
BRDA:54,4,1,1
BRF:10
BRH:7
end_of_record
TN:
SF:/Users/andeladeveloper/git/react-express-fullstack/src/components/GroceryTable.jsx
FN:3,(anonymous_0)
FN:24,(anonymous_1)
FN:38,(anonymous_2)
FN:43,(anonymous_3)
FN:50,(anonymous_4)
FNF:5
FNH:2
FNDA:1,(anonymous_0)
FNDA:1,(anonymous_1)
FNDA:0,(anonymous_2)
FNDA:0,(anonymous_3)
FNDA:0,(anonymous_4)
DA:3,3
DA:4,1
DA:25,1
DA:38,0
DA:43,0
DA:50,0
LF:6
LH:3
BRDA:36,0,0,0
BRDA:36,0,1,1
BRF:2
BRH:1
end_of_record
TN:
SF:/Users/andeladeveloper/git/react-express-fullstack/src/components/TotalPrice.jsx
FN:3,(anonymous_0)
FN:5,(anonymous_1)
FNF:2
FNH:2
FNDA:1,(anonymous_0)
FNDA:1,(anonymous_1)
DA:3,3
DA:4,1
DA:5,1
DA:6,1
DA:7,1
DA:10,1
LF:6
LH:6
BRDA:6,0,0,1
BRDA:6,0,1,0
BRF:2
BRH:1
end_of_record
TN:
SF:/Users/andeladeveloper/git/react-express-fullstack/src/reducers/groceriesReducer.js
FN:6,groceriesReducer
FN:18,(anonymous_7)
FN:23,(anonymous_8)
FN:35,(anonymous_9)
FNF:4
FNH:0
FNDA:0,groceriesReducer
FNDA:0,(anonymous_7)
FNDA:0,(anonymous_8)
FNDA:0,(anonymous_9)
DA:1,0
DA:2,0
DA:6,0
DA:7,0
DA:9,0
DA:12,0
DA:17,0
DA:18,0
DA:22,0
DA:23,0
DA:24,0
DA:25,0
DA:26,0
DA:31,0
DA:34,0
DA:35,0
DA:36,0
DA:37,0
DA:42,0
DA:45,0
LF:20
LH:0
BRDA:6,0,0,0
BRDA:6,0,1,0
BRDA:6,1,0,0
BRDA:6,1,1,0
BRDA:6,2,0,0
BRDA:6,2,1,0
BRDA:8,3,0,0
BRDA:8,3,1,0
BRDA:8,3,2,0
BRDA:8,3,3,0
BRDA:8,3,4,0
BRDA:8,3,5,0
BRF:12
BRH:0
end_of_record
TN:
SF:/Users/andeladeveloper/git/react-express-fullstack/src/reducers/index.js
FNF:0
FNH:0
DA:1,0
DA:2,0
DA:4,0
LF:3
LH:0
BRF:0
BRH:0
end_of_record
TN:
SF:/Users/andeladeveloper/git/react-express-fullstack/src/reducers/initialState.js
FNF:0
FNH:0
DA:1,0
LF:1
LH:0
BRF:0
BRH:0
end_of_record
TN:
SF:/Users/andeladeveloper/git/react-express-fullstack/src/store/configureStore.js
FN:11,configureStore
FN:20,(anonymous_2)
FNF:2
FNH:0
FNDA:0,configureStore
FNDA:0,(anonymous_2)
DA:1,0
DA:2,0
DA:3,0
DA:4,0
DA:6,0
DA:9,0
DA:11,0
DA:18,0
DA:20,0
DA:22,0
LF:10
LH:0
BRDA:6,0,0,0
BRDA:6,0,1,0
BRDA:20,1,0,0
BRDA:20,1,1,0
BRF:4
BRH:0
end_of_record
TN:
SF:/Users/andeladeveloper/git/react-express-fullstack/src/tests/setup.js
FNF:0
FNH:0
DA:4,6
LF:1
LH:1
BRF:0
BRH:0
end_of_record
